::1 - - [Fri, 23 Jun 2017 02:30:47 GMT] "GET / HTTP/1.1" 304 - "http://localhost:3000/search?keyword=node" "Mozilla/5.0 (X11; Linux x86_64) AppleWebKit/537.36 (KHTML, like Gecko) Chrome/52.0.2743.116 Safari/537.36"
::1 - - [Fri, 23 Jun 2017 02:30:47 GMT] "GET /stylesheets/bootstrap.min.css HTTP/1.1" 304 - "http://localhost:3000/" "Mozilla/5.0 (X11; Linux x86_64) AppleWebKit/537.36 (KHTML, like Gecko) Chrome/52.0.2743.116 Safari/537.36"
::1 - - [Fri, 23 Jun 2017 02:30:47 GMT] "GET /javascripts/jquery-1.12.4.min.js HTTP/1.1" 304 - "http://localhost:3000/" "Mozilla/5.0 (X11; Linux x86_64) AppleWebKit/537.36 (KHTML, like Gecko) Chrome/52.0.2743.116 Safari/537.36"
::1 - - [Fri, 23 Jun 2017 02:30:47 GMT] "GET /javascripts/bootstrap.min.js HTTP/1.1" 304 - "http://localhost:3000/" "Mozilla/5.0 (X11; Linux x86_64) AppleWebKit/537.36 (KHTML, like Gecko) Chrome/52.0.2743.116 Safari/537.36"
::1 - - [Fri, 23 Jun 2017 02:30:47 GMT] "GET /images/wallhaven-135938.jpg HTTP/1.1" 304 - "http://localhost:3000/" "Mozilla/5.0 (X11; Linux x86_64) AppleWebKit/537.36 (KHTML, like Gecko) Chrome/52.0.2743.116 Safari/537.36"
::1 - - [Fri, 23 Jun 2017 02:30:47 GMT] "GET /images/wallhaven-202785.jpg HTTP/1.1" 304 - "http://localhost:3000/" "Mozilla/5.0 (X11; Linux x86_64) AppleWebKit/537.36 (KHTML, like Gecko) Chrome/52.0.2743.116 Safari/537.36"
::1 - - [Fri, 23 Jun 2017 02:30:47 GMT] "GET /images/wallhaven-360763.jpg HTTP/1.1" 304 - "http://localhost:3000/" "Mozilla/5.0 (X11; Linux x86_64) AppleWebKit/537.36 (KHTML, like Gecko) Chrome/52.0.2743.116 Safari/537.36"
::1 - - [Fri, 23 Jun 2017 02:30:47 GMT] "GET /fonts/glyphicons-halflings-regular.woff2 HTTP/1.1" 304 - "http://localhost:3000/" "Mozilla/5.0 (X11; Linux x86_64) AppleWebKit/537.36 (KHTML, like Gecko) Chrome/52.0.2743.116 Safari/537.36"
::1 - - [Fri, 23 Jun 2017 02:32:09 GMT] "GET /u/snn/2017-5-23/%E5%9B%BE%E7%89%87%E6%88%96%E5%85%B6%E4%BB%96%E5%AA%92%E4%BD%93%E7%B1%BB%E5%9E%8B%E5%8F%AF%E4%BB%A5%E9%A1%B6%E9%83%A8 HTTP/1.1" 200 4554 "http://localhost:3000/" "Mozilla/5.0 (X11; Linux x86_64) AppleWebKit/537.36 (KHTML, like Gecko) Chrome/52.0.2743.116 Safari/537.36"
::1 - - [Fri, 23 Jun 2017 02:32:09 GMT] "GET /stylesheets/bootstrap.min.css HTTP/1.1" 304 - "http://localhost:3000/u/snn/2017-5-23/%E5%9B%BE%E7%89%87%E6%88%96%E5%85%B6%E4%BB%96%E5%AA%92%E4%BD%93%E7%B1%BB%E5%9E%8B%E5%8F%AF%E4%BB%A5%E9%A1%B6%E9%83%A8" "Mozilla/5.0 (X11; Linux x86_64) AppleWebKit/537.36 (KHTML, like Gecko) Chrome/52.0.2743.116 Safari/537.36"
::1 - - [Fri, 23 Jun 2017 02:32:09 GMT] "GET /javascripts/jquery-1.12.4.min.js HTTP/1.1" 304 - "http://localhost:3000/u/snn/2017-5-23/%E5%9B%BE%E7%89%87%E6%88%96%E5%85%B6%E4%BB%96%E5%AA%92%E4%BD%93%E7%B1%BB%E5%9E%8B%E5%8F%AF%E4%BB%A5%E9%A1%B6%E9%83%A8" "Mozilla/5.0 (X11; Linux x86_64) AppleWebKit/537.36 (KHTML, like Gecko) Chrome/52.0.2743.116 Safari/537.36"
::1 - - [Fri, 23 Jun 2017 02:32:09 GMT] "GET /javascripts/bootstrap.min.js HTTP/1.1" 304 - "http://localhost:3000/u/snn/2017-5-23/%E5%9B%BE%E7%89%87%E6%88%96%E5%85%B6%E4%BB%96%E5%AA%92%E4%BD%93%E7%B1%BB%E5%9E%8B%E5%8F%AF%E4%BB%A5%E9%A1%B6%E9%83%A8" "Mozilla/5.0 (X11; Linux x86_64) AppleWebKit/537.36 (KHTML, like Gecko) Chrome/52.0.2743.116 Safari/537.36"
::1 - - [Fri, 23 Jun 2017 02:33:08 GMT] "GET / HTTP/1.1" 200 19397 "http://localhost:3000/u/snn/2017-5-23/%E5%9B%BE%E7%89%87%E6%88%96%E5%85%B6%E4%BB%96%E5%AA%92%E4%BD%93%E7%B1%BB%E5%9E%8B%E5%8F%AF%E4%BB%A5%E9%A1%B6%E9%83%A8" "Mozilla/5.0 (X11; Linux x86_64) AppleWebKit/537.36 (KHTML, like Gecko) Chrome/52.0.2743.116 Safari/537.36"
::1 - - [Fri, 23 Jun 2017 02:33:08 GMT] "GET /stylesheets/bootstrap.min.css HTTP/1.1" 304 - "http://localhost:3000/" "Mozilla/5.0 (X11; Linux x86_64) AppleWebKit/537.36 (KHTML, like Gecko) Chrome/52.0.2743.116 Safari/537.36"
::1 - - [Fri, 23 Jun 2017 02:33:08 GMT] "GET /javascripts/jquery-1.12.4.min.js HTTP/1.1" 304 - "http://localhost:3000/" "Mozilla/5.0 (X11; Linux x86_64) AppleWebKit/537.36 (KHTML, like Gecko) Chrome/52.0.2743.116 Safari/537.36"
::1 - - [Fri, 23 Jun 2017 02:33:08 GMT] "GET /javascripts/bootstrap.min.js HTTP/1.1" 304 - "http://localhost:3000/" "Mozilla/5.0 (X11; Linux x86_64) AppleWebKit/537.36 (KHTML, like Gecko) Chrome/52.0.2743.116 Safari/537.36"
::1 - - [Fri, 23 Jun 2017 02:33:08 GMT] "GET /images/wallhaven-135938.jpg HTTP/1.1" 304 - "http://localhost:3000/" "Mozilla/5.0 (X11; Linux x86_64) AppleWebKit/537.36 (KHTML, like Gecko) Chrome/52.0.2743.116 Safari/537.36"
::1 - - [Fri, 23 Jun 2017 02:33:08 GMT] "GET /images/wallhaven-202785.jpg HTTP/1.1" 304 - "http://localhost:3000/" "Mozilla/5.0 (X11; Linux x86_64) AppleWebKit/537.36 (KHTML, like Gecko) Chrome/52.0.2743.116 Safari/537.36"
::1 - - [Fri, 23 Jun 2017 02:33:08 GMT] "GET /images/wallhaven-360763.jpg HTTP/1.1" 304 - "http://localhost:3000/" "Mozilla/5.0 (X11; Linux x86_64) AppleWebKit/537.36 (KHTML, like Gecko) Chrome/52.0.2743.116 Safari/537.36"
::1 - - [Fri, 23 Jun 2017 02:33:08 GMT] "GET /fonts/glyphicons-halflings-regular.woff2 HTTP/1.1" 304 - "http://localhost:3000/" "Mozilla/5.0 (X11; Linux x86_64) AppleWebKit/537.36 (KHTML, like Gecko) Chrome/52.0.2743.116 Safari/537.36"
